<?xml version="1.0" encoding="UTF-8"?>
<testsuite xmlns:xsi="http://www.w3.org/2001/XMLSchema-instance" xsi:noNamespaceSchemaLocation="https://maven.apache.org/surefire/maven-surefire-plugin/xsd/surefire-test-report.xsd" name="se.kth.iv1350.model.SaleTest" time="0" tests="7" errors="0" skipped="0" failures="0">
  <properties>
    <property name="sun.desktop" value="windows"/>
    <property name="awt.toolkit" value="sun.awt.windows.WToolkit"/>
    <property name="java.specification.version" value="11"/>
    <property name="sun.cpu.isalist" value="amd64"/>
    <property name="sun.jnu.encoding" value="Cp1252"/>
    <property name="java.class.path" value="c:\Users\theod\Desktop\NätkomProj\OOD\pos\target\test-classes;c:\Users\theod\Desktop\NätkomProj\OOD\pos\target\classes;C:\Users\theod\.m2\repository\junit\junit\4.11\junit-4.11.jar;C:\Users\theod\.m2\repository\org\hamcrest\hamcrest-core\1.3\hamcrest-core-1.3.jar;"/>
    <property name="java.vm.vendor" value="Oracle Corporation"/>
    <property name="sun.arch.data.model" value="64"/>
    <property name="user.variant" value=""/>
    <property name="java.vendor.url" value="http://java.oracle.com/"/>
    <property name="user.timezone" value="Europe/Berlin"/>
    <property name="java.vm.specification.version" value="11"/>
    <property name="os.name" value="Windows 10"/>
    <property name="sun.java.launcher" value="SUN_STANDARD"/>
    <property name="user.country" value="SE"/>
    <property name="sun.boot.library.path" value="C:\Java11\jdk-11.0.2\bin"/>
    <property name="sun.java.command" value="C:\Users\theod\AppData\Local\Temp\surefire16007317003074914818\surefirebooter13332233842180169857.jar C:\Users\theod\AppData\Local\Temp\surefire16007317003074914818 2024-04-03T13-20-28_011-jvmRun1 surefire521841890940543075tmp surefire_0364282009167386053tmp"/>
    <property name="jdk.debug" value="release"/>
    <property name="surefire.test.class.path" value="c:\Users\theod\Desktop\NätkomProj\OOD\pos\target\test-classes;c:\Users\theod\Desktop\NätkomProj\OOD\pos\target\classes;C:\Users\theod\.m2\repository\junit\junit\4.11\junit-4.11.jar;C:\Users\theod\.m2\repository\org\hamcrest\hamcrest-core\1.3\hamcrest-core-1.3.jar;"/>
    <property name="sun.cpu.endian" value="little"/>
    <property name="user.home" value="C:\Users\theod"/>
    <property name="user.language" value="sv"/>
    <property name="java.specification.vendor" value="Oracle Corporation"/>
    <property name="java.version.date" value="2019-01-15"/>
    <property name="java.home" value="C:\Java11\jdk-11.0.2"/>
    <property name="file.separator" value="\"/>
    <property name="basedir" value="c:\Users\theod\Desktop\NätkomProj\OOD\pos"/>
    <property name="java.vm.compressedOopsMode" value="32-bit"/>
    <property name="line.separator" value="&#10;"/>
    <property name="java.specification.name" value="Java Platform API Specification"/>
    <property name="java.vm.specification.vendor" value="Oracle Corporation"/>
    <property name="java.awt.graphicsenv" value="sun.awt.Win32GraphicsEnvironment"/>
    <property name="surefire.real.class.path" value="C:\Users\theod\AppData\Local\Temp\surefire16007317003074914818\surefirebooter13332233842180169857.jar"/>
    <property name="user.script" value=""/>
    <property name="sun.management.compiler" value="HotSpot 64-Bit Tiered Compilers"/>
    <property name="java.runtime.version" value="11.0.2+9"/>
    <property name="user.name" value="theod"/>
    <property name="path.separator" value=";"/>
    <property name="os.version" value="10.0"/>
    <property name="java.runtime.name" value="OpenJDK Runtime Environment"/>
    <property name="file.encoding" value="Cp1252"/>
    <property name="java.vm.name" value="OpenJDK 64-Bit Server VM"/>
    <property name="java.vendor.version" value="18.9"/>
    <property name="localRepository" value="C:\Users\theod\.m2\repository"/>
    <property name="java.vendor.url.bug" value="http://bugreport.java.com/bugreport/"/>
    <property name="java.io.tmpdir" value="C:\Users\theod\AppData\Local\Temp\"/>
    <property name="java.version" value="11.0.2"/>
    <property name="user.dir" value="c:\Users\theod\Desktop\NätkomProj\OOD\pos"/>
    <property name="os.arch" value="amd64"/>
    <property name="java.vm.specification.name" value="Java Virtual Machine Specification"/>
    <property name="java.awt.printerjob" value="sun.awt.windows.WPrinterJob"/>
    <property name="sun.os.patch.level" value=""/>
    <property name="java.library.path" value="C:\Java11\jdk-11.0.2\bin;C:\WINDOWS\Sun\Java\bin;C:\WINDOWS\system32;C:\WINDOWS;C:\Program Files\ImageMagick-7.1.1-Q16-HDRI;C:\Program Files (x86)\VMware\VMware Player\bin\;C:\Java11\jdk-11.0.2\bin;C:\Program Files (x86)\Common Files\Oracle\Java\javapath;C:\WINDOWS\system32;C:\WINDOWS;C:\WINDOWS\System32\Wbem;C:\WINDOWS\System32\WindowsPowerShell\v1.0\;C:\Program Files\Microsoft SQL Server\Client SDK\ODBC\110\Tools\Binn\;C:\WINDOWS\System32\OpenSSH\;C:\Program Files\Microsoft SQL Server\Client SDK\ODBC\130\Tools\Binn\;C:\Program Files (x86)\Microsoft SQL Server\140\Tools\Binn\;C:\Program Files\Microsoft SQL Server\140\Tools\Binn\;C:\Program Files\Microsoft SQL Server\140\DTS\Binn\;C:\Program Files (x86)\Intel\Intel(R) Management Engine Components\DAL;C:\Program Files\Intel\Intel(R) Management Engine Components\DAL;C:\Program Files\dotnet\;C:\Program Files (x86)\IVI Foundation\VISA\WinNT\Bin;C:\Program Files\PuTTY\;C:\Program Files\apache-maven-3.9.6\bin;C:\Program Files\Elixir\bin;C:\Program Files\Erlang OTP\bin;C:\Users\theod\AppData\Local\Microsoft\WindowsApps;C:\Users\theod\AppData\Local\Programs\Microsoft VS Code\bin;C:\Users\theod\AppData\Local\GitHubDesktop\bin;C:\Users\theod\.dotnet\tools;C:\Program Files\PostgreSQL\16\bin;C:\Program Files\PostgreSQL\16\lib;C:\Java11\jdk-11.0.2\bin;C:\Program Files (x86)\Nmap;."/>
    <property name="java.vendor" value="Oracle Corporation"/>
    <property name="java.vm.info" value="mixed mode"/>
    <property name="java.vm.version" value="11.0.2+9"/>
    <property name="sun.io.unicode.encoding" value="UnicodeLittle"/>
    <property name="java.class.version" value="55.0"/>
  </properties>
  <testcase name="addTest" classname="se.kth.iv1350.model.SaleTest" time="0"/>
  <testcase name="applyDiscountTest" classname="se.kth.iv1350.model.SaleTest" time="0"/>
  <testcase name="setBadCountTest" classname="se.kth.iv1350.model.SaleTest" time="0"/>
  <testcase name="containsFalseTest" classname="se.kth.iv1350.model.SaleTest" time="0"/>
  <testcase name="addAnother" classname="se.kth.iv1350.model.SaleTest" time="0"/>
  <testcase name="setGoodCountTest" classname="se.kth.iv1350.model.SaleTest" time="0"/>
  <testcase name="dtoTest" classname="se.kth.iv1350.model.SaleTest" time="0"/>
</testsuite>